{
  "storage": [
    {
      "astId": 43084,
      "contract": "src/slots2.sol:slots2",
      "label": "slot_1",
      "offset": 0,
      "slot": "0",
      "type": "t_struct(slot2)43081_storage"
    }
  ],
  "types": {
    "t_bool": {
      "encoding": "inplace",
      "label": "bool",
      "numberOfBytes": "1"
    },
    "t_struct(slot2)43081_storage": {
      "encoding": "inplace",
      "label": "struct slots2.slot2",
      "numberOfBytes": "32",
      "members": [
        {
          "astId": 43074,
          "contract": "src/slots2.sol:slots2",
          "label": "xint1",
          "offset": 0,
          "slot": "0",
          "type": "t_uint8"
        },
        {
          "astId": 43076,
          "contract": "src/slots2.sol:slots2",
          "label": "xint2",
          "offset": 1,
          "slot": "0",
          "type": "t_uint8"
        },
        {
          "astId": 43078,
          "contract": "src/slots2.sol:slots2",
          "label": "bool1",
          "offset": 2,
          "slot": "0",
          "type": "t_bool"
        },
        {
          "astId": 43080,
          "contract": "src/slots2.sol:slots2",
          "label": "xint3",
          "offset": 3,
          "slot": "0",
          "type": "t_uint128"
        }
      ]
    },
    "t_uint128": {
      "encoding": "inplace",
      "label": "uint128",
      "numberOfBytes": "16"
    },
    "t_uint8": {
      "encoding": "inplace",
      "label": "uint8",
      "numberOfBytes": "1"
    }
  }
}
