{
  "storage": [
    {
      "astId": 13,
      "contract": "src/slots4.sol:slots4",
      "label": "slot_1",
      "offset": 0,
      "slot": "0",
      "type": "t_struct(slot2)10_storage"
    }
  ],
  "types": {
    "t_bool": {
      "encoding": "inplace",
      "label": "bool",
      "numberOfBytes": "1"
    },
    "t_struct(slot2)10_storage": {
      "encoding": "inplace",
      "label": "struct slots4.slot2",
      "numberOfBytes": "32",
      "members": [
        {
          "astId": 3,
          "contract": "src/slots4.sol:slots4",
          "label": "xint1",
          "offset": 0,
          "slot": "0",
          "type": "t_uint8"
        },
        {
          "astId": 5,
          "contract": "src/slots4.sol:slots4",
          "label": "xint2",
          "offset": 1,
          "slot": "0",
          "type": "t_uint8"
        },
        {
          "astId": 7,
          "contract": "src/slots4.sol:slots4",
          "label": "bool1",
          "offset": 2,
          "slot": "0",
          "type": "t_bool"
        },
        {
          "astId": 9,
          "contract": "src/slots4.sol:slots4",
          "label": "xint3",
          "offset": 3,
          "slot": "0",
          "type": "t_uint128"
        }
      ]
    },
    "t_uint128": {
      "encoding": "inplace",
      "label": "uint128",
      "numberOfBytes": "16"
    },
    "t_uint8": {
      "encoding": "inplace",
      "label": "uint8",
      "numberOfBytes": "1"
    }
  }
}
